<?xml version="1.0" encoding="UTF-8"?>
<testsuites>
  <testsuite name="" tests="21" assertions="41" errors="2" warnings="0" failures="10" skipped="0" time="615.112421">
    <testsuite name="PVM Test Suite" tests="21" assertions="41" errors="2" warnings="0" failures="10" skipped="0" time="615.112421">
      <testsuite name="Tests\Console\Command\ExtensionCommandTest" file="/data/wwwroot/php/pvm/tests/Console/Command/ExtensionCommandTest.php" tests="7" assertions="16" errors="0" warnings="0" failures="2" skipped="0" time="11.979650">
        <testcase name="testExtensionCommandHelp" class="Tests\Console\Command\ExtensionCommandTest" classname="Tests.Console.Command.ExtensionCommandTest" file="/data/wwwroot/php/pvm/tests/Console/Command/ExtensionCommandTest.php" line="13" assertions="2" time="5.708578">
          <failure type="PHPUnit\Framework\ExpectationFailedException">Tests\Console\Command\ExtensionCommandTest::testExtensionCommandHelp
命令应该执行成功，但返回了错误: PHP Warning:  mkdir(): Permission denied in /data/wwwroot/php/pvm/src/Core/VersionSwitcher.php on line 54
PHP Warning:  mkdir(): Permission denied in /data/wwwroot/php/pvm/src/Core/VersionSwitcher.php on line 58
PHP Warning:  mkdir(): Permission denied in /data/wwwroot/php/pvm/src/Core/VersionSwitcher.php on line 62
PHP Warning:  mkdir(): Permission denied in /data/wwwroot/php/pvm/src/Core/VersionSwitcher.php on line 54
PHP Warning:  mkdir(): Permission denied in /data/wwwroot/php/pvm/src/Core/VersionSwitcher.php on line 58
PHP Warning:  mkdir(): Permission denied in /data/wwwroot/php/pvm/src/Core/VersionSwitcher.php on line 62

Failed asserting that -1 matches expected 0.

/data/wwwroot/php/pvm/tests/Console/Command/AbstractCommandTest.php:93
/data/wwwroot/php/pvm/tests/Console/Command/ExtensionCommandTest.php:19</failure>
        </testcase>
        <testcase name="testExtensionListCommand" class="Tests\Console\Command\ExtensionCommandTest" classname="Tests.Console.Command.ExtensionCommandTest" file="/data/wwwroot/php/pvm/tests/Console/Command/ExtensionCommandTest.php" line="31" assertions="2" time="5.434091">
          <failure type="PHPUnit\Framework\ExpectationFailedException">Tests\Console\Command\ExtensionCommandTest::testExtensionListCommand
命令应该执行成功，但返回了错误: PHP Warning:  mkdir(): Permission denied in /data/wwwroot/php/pvm/src/Core/VersionSwitcher.php on line 54
PHP Warning:  mkdir(): Permission denied in /data/wwwroot/php/pvm/src/Core/VersionSwitcher.php on line 58
PHP Warning:  mkdir(): Permission denied in /data/wwwroot/php/pvm/src/Core/VersionSwitcher.php on line 62
PHP Warning:  mkdir(): Permission denied in /data/wwwroot/php/pvm/src/Core/VersionSwitcher.php on line 54
PHP Warning:  mkdir(): Permission denied in /data/wwwroot/php/pvm/src/Core/VersionSwitcher.php on line 58
PHP Warning:  mkdir(): Permission denied in /data/wwwroot/php/pvm/src/Core/VersionSwitcher.php on line 62

Failed asserting that -1 matches expected 0.

/data/wwwroot/php/pvm/tests/Console/Command/AbstractCommandTest.php:93
/data/wwwroot/php/pvm/tests/Console/Command/ExtensionCommandTest.php:37</failure>
        </testcase>
        <testcase name="testExtensionInstallCommandValidation" class="Tests\Console\Command\ExtensionCommandTest" classname="Tests.Console.Command.ExtensionCommandTest" file="/data/wwwroot/php/pvm/tests/Console/Command/ExtensionCommandTest.php" line="46" assertions="3" time="0.128285"/>
        <testcase name="testExtensionEnableCommand" class="Tests\Console\Command\ExtensionCommandTest" classname="Tests.Console.Command.ExtensionCommandTest" file="/data/wwwroot/php/pvm/tests/Console/Command/ExtensionCommandTest.php" line="61" assertions="2" time="0.190758"/>
        <testcase name="testExtensionDisableCommand" class="Tests\Console\Command\ExtensionCommandTest" classname="Tests.Console.Command.ExtensionCommandTest" file="/data/wwwroot/php/pvm/tests/Console/Command/ExtensionCommandTest.php" line="74" assertions="2" time="0.185025"/>
        <testcase name="testExtensionConfigCommand" class="Tests\Console\Command\ExtensionCommandTest" classname="Tests.Console.Command.ExtensionCommandTest" file="/data/wwwroot/php/pvm/tests/Console/Command/ExtensionCommandTest.php" line="87" assertions="2" time="0.206623"/>
        <testcase name="testInvalidSubcommand" class="Tests\Console\Command\ExtensionCommandTest" classname="Tests.Console.Command.ExtensionCommandTest" file="/data/wwwroot/php/pvm/tests/Console/Command/ExtensionCommandTest.php" line="100" assertions="3" time="0.126290"/>
      </testsuite>
      <testsuite name="Tests\Console\Command\InstallCommandTest" file="/data/wwwroot/php/pvm/tests/Console/Command/InstallCommandTest.php" tests="5" assertions="9" errors="2" warnings="0" failures="2" skipped="0" time="602.104977">
        <testcase name="testInstallCommandHelp" class="Tests\Console\Command\InstallCommandTest" classname="Tests.Console.Command.InstallCommandTest" file="/data/wwwroot/php/pvm/tests/Console/Command/InstallCommandTest.php" line="13" assertions="2" time="0.114424">
          <failure type="PHPUnit\Framework\ExpectationFailedException">Tests\Console\Command\InstallCommandTest::testInstallCommandHelp
命令应该执行成功，但返回了错误: PHP Warning:  mkdir(): Permission denied in /data/wwwroot/php/pvm/src/Core/Cache/CacheManager.php on line 69
PHP Warning:  mkdir(): Permission denied in /data/wwwroot/php/pvm/src/Core/Cache/CacheManager.php on line 73
PHP Warning:  mkdir(): Permission denied in /data/wwwroot/php/pvm/src/Core/Cache/CacheManager.php on line 77
PHP Warning:  mkdir(): Permission denied in /data/wwwroot/php/pvm/src/Core/Cache/CacheManager.php on line 81
PHP Warning:  mkdir(): Permission denied in /data/wwwroot/php/pvm/src/Core/Cache/CacheManager.php on line 69
PHP Warning:  mkdir(): Permission denied in /data/wwwroot/php/pvm/src/Core/Cache/CacheManager.php on line 73
PHP Warning:  mkdir(): Permission denied in /data/wwwroot/php/pvm/src/Core/Cache/CacheManager.php on line 77
PHP Warning:  mkdir(): Permission denied in /data/wwwroot/php/pvm/src/Core/Cache/CacheManager.php on line 81
PHP Warning:  mkdir(): Permission denied in /data/wwwroot/php/pvm/src/Core/Security/SignatureVerifier.php on line 44
PHP Warning:  mkdir(): Permission denied in /data/wwwroot/php/pvm/src/Core/Security/SignatureVerifier.php on line 44
PHP Warning:  mkdir(): Permission denied in /data/wwwroot/php/pvm/src/Core/VersionSwitcher.php on line 54
PHP Warning:  mkdir(): Permission denied in /data/wwwroot/php/pvm/src/Core/VersionSwitcher.php on line 58
PHP Warning:  mkdir(): Permission denied in /data/wwwroot/php/pvm/src/Core/VersionSwitcher.php on line 62
PHP Warning:  mkdir(): Permission denied in /data/wwwroot/php/pvm/src/Core/Version/AbstractVersionDriver.php on line 61
PHP Warning:  mkdir(): Permission denied in /data/wwwroot/php/pvm/src/Core/Version/AbstractVersionDriver.php on line 65
PHP Warning:  mkdir(): Permission denied in /data/wwwroot/php/pvm/src/Core/VersionInstaller.php on line 151
PHP Warning:  mkdir(): Permission denied in /data/wwwroot/php/pvm/src/Core/VersionInstaller.php on line 151
PHP Warning:  mkdir(): Permission denied in /data/wwwroot/php/pvm/src/Core/VersionInstaller.php on line 151
PHP Warning:  mkdir(): Permission denied in /data/wwwroot/php/pvm/src/Core/VersionInstaller.php on line 161

Failed asserting that -1 matches expected 0.

/data/wwwroot/php/pvm/tests/Console/Command/AbstractCommandTest.php:93
/data/wwwroot/php/pvm/tests/Console/Command/InstallCommandTest.php:19</failure>
        </testcase>
        <testcase name="testInstallCommandValidation" class="Tests\Console\Command\InstallCommandTest" classname="Tests.Console.Command.InstallCommandTest" file="/data/wwwroot/php/pvm/tests/Console/Command/InstallCommandTest.php" line="30" assertions="3" time="0.103608"/>
        <testcase name="testInstallCommandOptions" class="Tests\Console\Command\InstallCommandTest" classname="Tests.Console.Command.InstallCommandTest" file="/data/wwwroot/php/pvm/tests/Console/Command/InstallCommandTest.php" line="45" assertions="2" time="0.106088">
          <failure type="PHPUnit\Framework\ExpectationFailedException">Tests\Console\Command\InstallCommandTest::testInstallCommandOptions
命令应该执行成功，但返回了错误: PHP Warning:  mkdir(): Permission denied in /data/wwwroot/php/pvm/src/Core/Cache/CacheManager.php on line 69
PHP Warning:  mkdir(): Permission denied in /data/wwwroot/php/pvm/src/Core/Cache/CacheManager.php on line 73
PHP Warning:  mkdir(): Permission denied in /data/wwwroot/php/pvm/src/Core/Cache/CacheManager.php on line 77
PHP Warning:  mkdir(): Permission denied in /data/wwwroot/php/pvm/src/Core/Cache/CacheManager.php on line 81
PHP Warning:  mkdir(): Permission denied in /data/wwwroot/php/pvm/src/Core/Cache/CacheManager.php on line 69
PHP Warning:  mkdir(): Permission denied in /data/wwwroot/php/pvm/src/Core/Cache/CacheManager.php on line 73
PHP Warning:  mkdir(): Permission denied in /data/wwwroot/php/pvm/src/Core/Cache/CacheManager.php on line 77
PHP Warning:  mkdir(): Permission denied in /data/wwwroot/php/pvm/src/Core/Cache/CacheManager.php on line 81
PHP Warning:  mkdir(): Permission denied in /data/wwwroot/php/pvm/src/Core/Security/SignatureVerifier.php on line 44
PHP Warning:  mkdir(): Permission denied in /data/wwwroot/php/pvm/src/Core/Security/SignatureVerifier.php on line 44
PHP Warning:  mkdir(): Permission denied in /data/wwwroot/php/pvm/src/Core/VersionSwitcher.php on line 54
PHP Warning:  mkdir(): Permission denied in /data/wwwroot/php/pvm/src/Core/VersionSwitcher.php on line 58
PHP Warning:  mkdir(): Permission denied in /data/wwwroot/php/pvm/src/Core/VersionSwitcher.php on line 62
PHP Warning:  mkdir(): Permission denied in /data/wwwroot/php/pvm/src/Core/Version/AbstractVersionDriver.php on line 61
PHP Warning:  mkdir(): Permission denied in /data/wwwroot/php/pvm/src/Core/Version/AbstractVersionDriver.php on line 65
PHP Warning:  mkdir(): Permission denied in /data/wwwroot/php/pvm/src/Core/VersionInstaller.php on line 151
PHP Warning:  mkdir(): Permission denied in /data/wwwroot/php/pvm/src/Core/VersionInstaller.php on line 151
PHP Warning:  mkdir(): Permission denied in /data/wwwroot/php/pvm/src/Core/VersionInstaller.php on line 151
PHP Warning:  mkdir(): Permission denied in /data/wwwroot/php/pvm/src/Core/VersionInstaller.php on line 161

Failed asserting that -1 matches expected 0.

/data/wwwroot/php/pvm/tests/Console/Command/AbstractCommandTest.php:93
/data/wwwroot/php/pvm/tests/Console/Command/InstallCommandTest.php:51</failure>
        </testcase>
        <testcase name="testInstallCommandVersionCheck" class="Tests\Console\Command\InstallCommandTest" classname="Tests.Console.Command.InstallCommandTest" file="/data/wwwroot/php/pvm/tests/Console/Command/InstallCommandTest.php" line="67" assertions="1" time="300.783104">
          <error type="RuntimeException">Tests\Console\Command\InstallCommandTest::testInstallCommandVersionCheck
RuntimeException: 进程执行超时

/data/wwwroot/php/pvm/src/Core/Process/Process.php:179
/data/wwwroot/php/pvm/tests/Console/Command/AbstractCommandTest.php:45
/data/wwwroot/php/pvm/tests/Console/Command/InstallCommandTest.php:70</error>
        </testcase>
        <testcase name="testInstallCommandDependencyCheck" class="Tests\Console\Command\InstallCommandTest" classname="Tests.Console.Command.InstallCommandTest" file="/data/wwwroot/php/pvm/tests/Console/Command/InstallCommandTest.php" line="82" assertions="1" time="300.997752">
          <error type="RuntimeException">Tests\Console\Command\InstallCommandTest::testInstallCommandDependencyCheck
RuntimeException: 进程执行超时

/data/wwwroot/php/pvm/src/Core/Process/Process.php:179
/data/wwwroot/php/pvm/tests/Console/Command/AbstractCommandTest.php:45
/data/wwwroot/php/pvm/tests/Console/Command/InstallCommandTest.php:85</error>
        </testcase>
      </testsuite>
      <testsuite name="Tests\Console\Command\UpdateCommandTest" file="/data/wwwroot/php/pvm/tests/Console/Command/UpdateCommandTest.php" tests="3" assertions="3" errors="0" warnings="0" failures="0" skipped="0" time="0.000522">
        <testcase name="testGetDescription" class="Tests\Console\Command\UpdateCommandTest" classname="Tests.Console.Command.UpdateCommandTest" file="/data/wwwroot/php/pvm/tests/Console/Command/UpdateCommandTest.php" line="31" assertions="1" time="0.000425"/>
        <testcase name="testGetUsage" class="Tests\Console\Command\UpdateCommandTest" classname="Tests.Console.Command.UpdateCommandTest" file="/data/wwwroot/php/pvm/tests/Console/Command/UpdateCommandTest.php" line="39" assertions="1" time="0.000060"/>
        <testcase name="testExecute" class="Tests\Console\Command\UpdateCommandTest" classname="Tests.Console.Command.UpdateCommandTest" file="/data/wwwroot/php/pvm/tests/Console/Command/UpdateCommandTest.php" line="49" assertions="1" time="0.000037"/>
      </testsuite>
      <testsuite name="Tests\Console\Command\VersionCommandTest" file="/data/wwwroot/php/pvm/tests/Console/Command/VersionCommandTest.php" tests="6" assertions="13" errors="0" warnings="0" failures="6" skipped="0" time="1.027272">
        <testcase name="testVersionCommand" class="Tests\Console\Command\VersionCommandTest" classname="Tests.Console.Command.VersionCommandTest" file="/data/wwwroot/php/pvm/tests/Console/Command/VersionCommandTest.php" line="13" assertions="2" time="0.116316">
          <failure type="PHPUnit\Framework\ExpectationFailedException">Tests\Console\Command\VersionCommandTest::testVersionCommand
命令应该执行成功，但返回了错误: 
Failed asserting that -1 matches expected 0.

/data/wwwroot/php/pvm/tests/Console/Command/AbstractCommandTest.php:93
/data/wwwroot/php/pvm/tests/Console/Command/VersionCommandTest.php:19</failure>
        </testcase>
        <testcase name="testVersionListCommand" class="Tests\Console\Command\VersionCommandTest" classname="Tests.Console.Command.VersionCommandTest" file="/data/wwwroot/php/pvm/tests/Console/Command/VersionCommandTest.php" line="28" assertions="2" time="0.147820">
          <failure type="PHPUnit\Framework\ExpectationFailedException">Tests\Console\Command\VersionCommandTest::testVersionListCommand
命令应该执行成功，但返回了错误: 
Failed asserting that -1 matches expected 0.

/data/wwwroot/php/pvm/tests/Console/Command/AbstractCommandTest.php:93
/data/wwwroot/php/pvm/tests/Console/Command/VersionCommandTest.php:34</failure>
        </testcase>
        <testcase name="testVersionAvailableCommand" class="Tests\Console\Command\VersionCommandTest" classname="Tests.Console.Command.VersionCommandTest" file="/data/wwwroot/php/pvm/tests/Console/Command/VersionCommandTest.php" line="43" assertions="2" time="0.105540">
          <failure type="PHPUnit\Framework\ExpectationFailedException">Tests\Console\Command\VersionCommandTest::testVersionAvailableCommand
命令应该执行成功，但返回了错误: 
Failed asserting that -1 matches expected 0.

/data/wwwroot/php/pvm/tests/Console/Command/AbstractCommandTest.php:93
/data/wwwroot/php/pvm/tests/Console/Command/VersionCommandTest.php:49</failure>
        </testcase>
        <testcase name="testVersionCheckCommand" class="Tests\Console\Command\VersionCommandTest" classname="Tests.Console.Command.VersionCommandTest" file="/data/wwwroot/php/pvm/tests/Console/Command/VersionCommandTest.php" line="58" assertions="2" time="0.096562">
          <failure type="PHPUnit\Framework\ExpectationFailedException">Tests\Console\Command\VersionCommandTest::testVersionCheckCommand
命令应该执行成功，但返回了错误: 
Failed asserting that -1 matches expected 0.

/data/wwwroot/php/pvm/tests/Console/Command/AbstractCommandTest.php:93
/data/wwwroot/php/pvm/tests/Console/Command/VersionCommandTest.php:64</failure>
        </testcase>
        <testcase name="testVersionDepsCommand" class="Tests\Console\Command\VersionCommandTest" classname="Tests.Console.Command.VersionCommandTest" file="/data/wwwroot/php/pvm/tests/Console/Command/VersionCommandTest.php" line="73" assertions="2" time="0.455577">
          <failure type="PHPUnit\Framework\ExpectationFailedException">Tests\Console\Command\VersionCommandTest::testVersionDepsCommand
命令应该执行成功，但返回了错误: 
Failed asserting that -1 matches expected 0.

/data/wwwroot/php/pvm/tests/Console/Command/AbstractCommandTest.php:93
/data/wwwroot/php/pvm/tests/Console/Command/VersionCommandTest.php:79</failure>
        </testcase>
        <testcase name="testInvalidSubcommand" class="Tests\Console\Command\VersionCommandTest" classname="Tests.Console.Command.VersionCommandTest" file="/data/wwwroot/php/pvm/tests/Console/Command/VersionCommandTest.php" line="88" assertions="3" time="0.105458">
          <failure type="PHPUnit\Framework\ExpectationFailedException">Tests\Console\Command\VersionCommandTest::testInvalidSubcommand
命令输出应该包含 '错误'
Failed asserting that '[33m警告: PVM尚未初始化[0m\n
[33m请运行 'pvm init' 命令初始化PVM运行环境[0m\n
\n
未知的子命令: invalid\n
用法: pvm version [子命令] [参数]\n
\n
子命令:\n
  (无)       显示当前PHP版本\n
  list       列出已安装的PHP版本\n
  available  列出可用的PHP版本\n
  check      检查指定PHP版本的兼容性\n
  deps       检查指定PHP版本的依赖\n
\n
示例:\n
  pvm version\n
  pvm version list\n
  pvm version available\n
  pvm version check 8.1.0\n
  pvm version deps 8.1.0\n
' contains "错误".

/data/wwwroot/php/pvm/tests/Console/Command/AbstractCommandTest.php:62
/data/wwwroot/php/pvm/tests/Console/Command/VersionCommandTest.php:97</failure>
        </testcase>
      </testsuite>
    </testsuite>
  </testsuite>
</testsuites>
